Reading netlist file: "C:\Users\AktasSule\Documents\projefpga\impl\gwsynthesis\projefpga.vg"
Parsing netlist file "C:\Users\AktasSule\Documents\projefpga\impl\gwsynthesis\projefpga.vg" completed
Processing netlist completed
Reading constraint file: "C:\Users\AktasSule\Documents\projefpga\src\projefpga.cst"
Physical Constraint parsed completed
Running placement......
[10%] Placement Phase 0 completed
[20%] Placement Phase 1 completed
[30%] Placement Phase 2 completed
[50%] Placement Phase 3 completed
Running routing......
[60%] Routing Phase 0 completed
[70%] Routing Phase 1 completed
[80%] Routing Phase 2 completed
[90%] Routing Phase 3 completed
Running timing analysis......
[95%] Timing analysis completed
Placement and routing completed
Bitstream generation in progress......
Bitstream generation completed
Running power analysis......
[100%] Power analysis completed
Generate file "C:\Users\AktasSule\Documents\projefpga\impl\pnr\projefpga.power.html" completed
Generate file "C:\Users\AktasSule\Documents\projefpga\impl\pnr\projefpga.pin.html" completed
Generate file "C:\Users\AktasSule\Documents\projefpga\impl\pnr\projefpga.rpt.html" completed
Generate file "C:\Users\AktasSule\Documents\projefpga\impl\pnr\projefpga.rpt.txt" completed
Generate file "C:\Users\AktasSule\Documents\projefpga\impl\pnr\projefpga.tr.html" completed
Wed Apr 12 17:17:18 2023

